[1106/155832:INFO:(0)] WebCore is now online.
[1106/155832:INFO:(0)] Running Awesomium 1.7.5.1
[1106/155843:WARNING:Awesomium.NET(0)] System.ComponentModel.InvalidAsynchronousStateException: При вызове данного метода произошла ошибка.  Поток-получатель больше не существует.
   в System.Windows.Forms.WindowsFormsSynchronizationContext.Send(SendOrPostCallback d, Object state)
   в Awesomium.Core.WebCore.wvjjlbeQdqUVO5E6FXD(Object , Object , Object )
   в Awesomium.Core.WebCore.ioXQMTP1sf()
[1106/155934:INFO:(0)] WebCore is now online.
[1106/155934:INFO:(0)] Running Awesomium 1.7.5.1
[1106/160016:WARNING:Awesomium.NET(0)] System.ComponentModel.InvalidAsynchronousStateException: При вызове данного метода произошла ошибка.  Поток-получатель больше не существует.
   в System.Windows.Forms.WindowsFormsSynchronizationContext.Send(SendOrPostCallback d, Object state)
   в Awesomium.Core.WebCore.wvjjlbeQdqUVO5E6FXD(Object , Object , Object )
   в Awesomium.Core.WebCore.ioXQMTP1sf()
[1106/160544:INFO:(0)] WebCore is now online.
[1106/160544:INFO:(0)] Running Awesomium 1.7.5.1
[1106/160900:INFO:(0)] WebCore is now online.
[1106/160900:INFO:(0)] Running Awesomium 1.7.5.1
[1106/160914:WARNING:Awesomium.NET(0)] System.ComponentModel.InvalidAsynchronousStateException: При вызове данного метода произошла ошибка.  Поток-получатель больше не существует.
   в System.Windows.Forms.WindowsFormsSynchronizationContext.Send(SendOrPostCallback d, Object state)
   в Awesomium.Core.WebCore.wvjjlbeQdqUVO5E6FXD(Object , Object , Object )
   в Awesomium.Core.WebCore.ioXQMTP1sf()
[1106/164724:INFO:(0)] WebCore is now online.
[1106/164724:INFO:(0)] Running Awesomium 1.7.5.1
[1106/164744:WARNING:Awesomium.NET(0)] System.ComponentModel.InvalidAsynchronousStateException: При вызове данного метода произошла ошибка.  Поток-получатель больше не существует.
   в System.Windows.Forms.WindowsFormsSynchronizationContext.Send(SendOrPostCallback d, Object state)
   в Awesomium.Core.WebCore.wvjjlbeQdqUVO5E6FXD(Object , Object , Object )
   в Awesomium.Core.WebCore.ioXQMTP1sf()
[1106/174142:INFO:(0)] WebCore is now online.
[1106/174142:INFO:(0)] Running Awesomium 1.7.5.1
[1106/174221:WARNING:Awesomium.NET(0)] System.ComponentModel.InvalidAsynchronousStateException: При вызове данного метода произошла ошибка.  Поток-получатель больше не существует.
   в System.Windows.Forms.WindowsFormsSynchronizationContext.Send(SendOrPostCallback d, Object state)
   в Awesomium.Core.WebCore.wvjjlbeQdqUVO5E6FXD(Object , Object , Object )
   в Awesomium.Core.WebCore.ioXQMTP1sf()
[1106/174510:INFO:(0)] WebCore is now online.
[1106/174510:INFO:(0)] Running Awesomium 1.7.5.1
[1106/180216:INFO:(0)] WebCore is now online.
[1106/180216:INFO:(0)] Running Awesomium 1.7.5.1
[1106/180450:WARNING:Awesomium.NET(0)] System.ComponentModel.InvalidAsynchronousStateException: При вызове данного метода произошла ошибка.  Поток-получатель больше не существует.
   в System.Windows.Forms.WindowsFormsSynchronizationContext.Send(SendOrPostCallback d, Object state)
   в Awesomium.Core.WebCore.wvjjlbeQdqUVO5E6FXD(Object , Object , Object )
   в Awesomium.Core.WebCore.ioXQMTP1sf()
[1106/180501:INFO:(0)] WebCore is now online.
[1106/180501:INFO:(0)] Running Awesomium 1.7.5.1
[1106/180519:WARNING:Awesomium.NET(0)] System.ComponentModel.InvalidAsynchronousStateException: При вызове данного метода произошла ошибка.  Поток-получатель больше не существует.
   в System.Windows.Forms.WindowsFormsSynchronizationContext.Send(SendOrPostCallback d, Object state)
   в Awesomium.Core.WebCore.wvjjlbeQdqUVO5E6FXD(Object , Object , Object )
   в Awesomium.Core.WebCore.ioXQMTP1sf()
[1106/185716:INFO:(0)] WebCore is now online.
[1106/185716:INFO:(0)] Running Awesomium 1.7.5.1
[1106/194917:INFO:(0)] WebCore is now online.
[1106/194917:INFO:(0)] Running Awesomium 1.7.5.1
[1106/195420:INFO:(0)] WebCore is now online.
[1106/195420:INFO:(0)] Running Awesomium 1.7.5.1
[1106/195726:INFO:(0)] WebCore is now online.
[1106/195726:INFO:(0)] Running Awesomium 1.7.5.1
[1106/200221:INFO:(0)] WebCore is now online.
[1106/200221:INFO:(0)] Running Awesomium 1.7.5.1
[1106/200221:INFO:Awesomium.NET(0)] Registering Javascript Callbacks
[1106/200221:INFO:dhcp_proxy_script_adapter_fetcher_win.cc(265)] Error fetching PAC URL from DHCP: 2
[1106/200221:INFO:dhcp_proxy_script_adapter_fetcher_win.cc(265)] Error fetching PAC URL from DHCP: 2
[1106/200228:INFO:dhcp_proxy_script_adapter_fetcher_win.cc(265)] Error fetching PAC URL from DHCP: 2
[1106/200228:INFO:dhcp_proxy_script_adapter_fetcher_win.cc(265)] Error fetching PAC URL from DHCP: 2
[1106/200229:INFO:Awesomium.NET(0)] Destroyed View: 101
[1106/200229:WARNING:Awesomium.NET(0)] System.ComponentModel.InvalidAsynchronousStateException: При вызове данного метода произошла ошибка.  Поток-получатель больше не существует.
   в System.Windows.Forms.WindowsFormsSynchronizationContext.Send(SendOrPostCallback d, Object state)
   в Awesomium.Core.WebCore.wvjjlbeQdqUVO5E6FXD(Object , Object , Object )
   в Awesomium.Core.WebCore.ioXQMTP1sf()
[1106/200237:INFO:(0)] WebCore is now online.
[1106/200237:INFO:(0)] Running Awesomium 1.7.5.1
[1106/200237:INFO:Awesomium.NET(0)] Registering Javascript Callbacks
[1106/200237:INFO:dhcp_proxy_script_adapter_fetcher_win.cc(265)] Error fetching PAC URL from DHCP: 2
[1106/200237:INFO:dhcp_proxy_script_adapter_fetcher_win.cc(265)] Error fetching PAC URL from DHCP: 2
[1106/200244:INFO:dhcp_proxy_script_adapter_fetcher_win.cc(265)] Error fetching PAC URL from DHCP: 2
[1106/200244:INFO:dhcp_proxy_script_adapter_fetcher_win.cc(265)] Error fetching PAC URL from DHCP: 2
[1106/200255:INFO:dhcp_proxy_script_adapter_fetcher_win.cc(265)] Error fetching PAC URL from DHCP: 2
[1106/200255:INFO:dhcp_proxy_script_adapter_fetcher_win.cc(265)] Error fetching PAC URL from DHCP: 2
[1106/200305:INFO:Awesomium.NET(0)] Destroyed View: 101
[1106/200305:WARNING:Awesomium.NET(0)] System.ComponentModel.InvalidAsynchronousStateException: При вызове данного метода произошла ошибка.  Поток-получатель больше не существует.
   в System.Windows.Forms.WindowsFormsSynchronizationContext.Send(SendOrPostCallback d, Object state)
   в Awesomium.Core.WebCore.wvjjlbeQdqUVO5E6FXD(Object , Object , Object )
   в Awesomium.Core.WebCore.ioXQMTP1sf()
[1106/201421:INFO:(0)] WebCore is now online.
[1106/201421:INFO:(0)] Running Awesomium 1.7.5.1
[1106/201421:INFO:Awesomium.NET(0)] Registering Javascript Callbacks
[1106/201421:INFO:dhcp_proxy_script_adapter_fetcher_win.cc(265)] Error fetching PAC URL from DHCP: 2
[1106/201421:INFO:dhcp_proxy_script_adapter_fetcher_win.cc(265)] Error fetching PAC URL from DHCP: 2
[1106/201427:INFO:dhcp_proxy_script_adapter_fetcher_win.cc(265)] Error fetching PAC URL from DHCP: 2
[1106/201427:INFO:dhcp_proxy_script_adapter_fetcher_win.cc(265)] Error fetching PAC URL from DHCP: 2
[1106/201437:INFO:dhcp_proxy_script_adapter_fetcher_win.cc(265)] Error fetching PAC URL from DHCP: 2
[1106/201437:INFO:dhcp_proxy_script_adapter_fetcher_win.cc(265)] Error fetching PAC URL from DHCP: 2
[1106/201456:INFO:dhcp_proxy_script_adapter_fetcher_win.cc(265)] Error fetching PAC URL from DHCP: 2
[1106/201456:INFO:dhcp_proxy_script_adapter_fetcher_win.cc(265)] Error fetching PAC URL from DHCP: 2
[1106/201504:INFO:Awesomium.NET(0)] Destroyed View: 101
[1106/201504:WARNING:Awesomium.NET(0)] System.ComponentModel.InvalidAsynchronousStateException: При вызове данного метода произошла ошибка.  Поток-получатель больше не существует.
   в System.Windows.Forms.WindowsFormsSynchronizationContext.Send(SendOrPostCallback d, Object state)
   в Awesomium.Core.WebCore.wvjjlbeQdqUVO5E6FXD(Object , Object , Object )
   в Awesomium.Core.WebCore.ioXQMTP1sf()
[1106/201511:INFO:(0)] WebCore is now online.
[1106/201511:INFO:(0)] Running Awesomium 1.7.5.1
[1106/201511:INFO:Awesomium.NET(0)] Registering Javascript Callbacks
[1106/201511:INFO:dhcp_proxy_script_adapter_fetcher_win.cc(265)] Error fetching PAC URL from DHCP: 2
[1106/201511:INFO:dhcp_proxy_script_adapter_fetcher_win.cc(265)] Error fetching PAC URL from DHCP: 2
[1106/201517:INFO:dhcp_proxy_script_adapter_fetcher_win.cc(265)] Error fetching PAC URL from DHCP: 2
[1106/201517:INFO:dhcp_proxy_script_adapter_fetcher_win.cc(265)] Error fetching PAC URL from DHCP: 2
[1106/201522:INFO:Awesomium.NET(0)] Destroyed View: 101
[1106/201522:WARNING:Awesomium.NET(0)] System.ComponentModel.InvalidAsynchronousStateException: При вызове данного метода произошла ошибка.  Поток-получатель больше не существует.
   в System.Windows.Forms.WindowsFormsSynchronizationContext.Send(SendOrPostCallback d, Object state)
   в Awesomium.Core.WebCore.wvjjlbeQdqUVO5E6FXD(Object , Object , Object )
   в Awesomium.Core.WebCore.ioXQMTP1sf()
[1106/201631:INFO:(0)] WebCore is now online.
[1106/201631:INFO:(0)] Running Awesomium 1.7.5.1
[1106/201632:INFO:Awesomium.NET(0)] Registering Javascript Callbacks
[1106/201632:INFO:dhcp_proxy_script_adapter_fetcher_win.cc(265)] Error fetching PAC URL from DHCP: 2
[1106/201632:INFO:dhcp_proxy_script_adapter_fetcher_win.cc(265)] Error fetching PAC URL from DHCP: 2
[1106/201636:INFO:Awesomium.NET(0)] Destroyed View: 101
[1106/201636:WARNING:Awesomium.NET(0)] System.ComponentModel.InvalidAsynchronousStateException: При вызове данного метода произошла ошибка.  Поток-получатель больше не существует.
   в System.Windows.Forms.WindowsFormsSynchronizationContext.Send(SendOrPostCallback d, Object state)
   в Awesomium.Core.WebCore.wvjjlbeQdqUVO5E6FXD(Object , Object , Object )
   в Awesomium.Core.WebCore.ioXQMTP1sf()
[1112/234005:INFO:(0)] WebCore is now online.
[1112/234005:INFO:(0)] Running Awesomium 1.7.5.1
[1112/234005:INFO:Awesomium.NET(0)] Registering Javascript Callbacks
[1112/234006:INFO:dhcp_proxy_script_adapter_fetcher_win.cc(265)] Error fetching PAC URL from DHCP: 2
[1112/234006:INFO:dhcp_proxy_script_adapter_fetcher_win.cc(265)] Error fetching PAC URL from DHCP: 2
[1112/234012:INFO:dhcp_proxy_script_adapter_fetcher_win.cc(265)] Error fetching PAC URL from DHCP: 2
[1112/234012:INFO:dhcp_proxy_script_adapter_fetcher_win.cc(265)] Error fetching PAC URL from DHCP: 2
[1112/234015:INFO:Awesomium.NET(0)] Destroyed View: 101
[1112/234015:WARNING:Awesomium.NET(0)] System.ComponentModel.InvalidAsynchronousStateException: При вызове данного метода произошла ошибка.  Поток-получатель больше не существует.
   в System.Windows.Forms.WindowsFormsSynchronizationContext.Send(SendOrPostCallback d, Object state)
   в Awesomium.Core.WebCore.wvjjlbeQdqUVO5E6FXD(Object , Object , Object )
   в Awesomium.Core.WebCore.ioXQMTP1sf()
[1112/234325:INFO:(0)] WebCore is now online.
[1112/234325:INFO:(0)] Running Awesomium 1.7.5.1
[1112/234326:INFO:Awesomium.NET(0)] Registering Javascript Callbacks
[1112/234326:INFO:dhcp_proxy_script_adapter_fetcher_win.cc(265)] Error fetching PAC URL from DHCP: 2
[1112/234326:INFO:dhcp_proxy_script_adapter_fetcher_win.cc(265)] Error fetching PAC URL from DHCP: 2
[1112/234331:INFO:Awesomium.NET(0)] Destroyed View: 101
[1112/234331:ERROR:ipc_channel_win.cc(360)] pipe error: 232
[1112/234331:WARNING:Awesomium.NET(0)] System.ComponentModel.InvalidAsynchronousStateException: При вызове данного метода произошла ошибка.  Поток-получатель больше не существует.
   в System.Windows.Forms.WindowsFormsSynchronizationContext.Send(SendOrPostCallback d, Object state)
   в Awesomium.Core.WebCore.wvjjlbeQdqUVO5E6FXD(Object , Object , Object )
   в Awesomium.Core.WebCore.ioXQMTP1sf()
[1112/234607:INFO:(0)] WebCore is now online.
[1112/234607:INFO:(0)] Running Awesomium 1.7.5.1
[1112/234607:INFO:Awesomium.NET(0)] Registering Javascript Callbacks
[1112/234608:INFO:dhcp_proxy_script_adapter_fetcher_win.cc(265)] Error fetching PAC URL from DHCP: 2
[1112/234608:INFO:dhcp_proxy_script_adapter_fetcher_win.cc(265)] Error fetching PAC URL from DHCP: 2
[1112/234614:INFO:dhcp_proxy_script_adapter_fetcher_win.cc(265)] Error fetching PAC URL from DHCP: 2
[1112/234614:INFO:dhcp_proxy_script_adapter_fetcher_win.cc(265)] Error fetching PAC URL from DHCP: 2
[1112/234619:INFO:Awesomium.NET(0)] Destroyed View: 101
[1112/234619:WARNING:Awesomium.NET(0)] System.ComponentModel.InvalidAsynchronousStateException: При вызове данного метода произошла ошибка.  Поток-получатель больше не существует.
   в System.Windows.Forms.WindowsFormsSynchronizationContext.Send(SendOrPostCallback d, Object state)
   в Awesomium.Core.WebCore.wvjjlbeQdqUVO5E6FXD(Object , Object , Object )
   в Awesomium.Core.WebCore.ioXQMTP1sf()
[1112/234827:INFO:(0)] WebCore is now online.
[1112/234827:INFO:(0)] Running Awesomium 1.7.5.1
[1112/234827:INFO:Awesomium.NET(0)] Registering Javascript Callbacks
[1112/234827:INFO:dhcp_proxy_script_adapter_fetcher_win.cc(265)] Error fetching PAC URL from DHCP: 2
[1112/234827:INFO:dhcp_proxy_script_adapter_fetcher_win.cc(265)] Error fetching PAC URL from DHCP: 2
[1112/234833:INFO:dhcp_proxy_script_adapter_fetcher_win.cc(265)] Error fetching PAC URL from DHCP: 2
[1112/234833:INFO:dhcp_proxy_script_adapter_fetcher_win.cc(265)] Error fetching PAC URL from DHCP: 2
[1112/234844:INFO:dhcp_proxy_script_adapter_fetcher_win.cc(265)] Error fetching PAC URL from DHCP: 2
[1112/234844:INFO:dhcp_proxy_script_adapter_fetcher_win.cc(265)] Error fetching PAC URL from DHCP: 2
[1112/234903:INFO:dhcp_proxy_script_adapter_fetcher_win.cc(265)] Error fetching PAC URL from DHCP: 2
[1112/234903:INFO:dhcp_proxy_script_adapter_fetcher_win.cc(265)] Error fetching PAC URL from DHCP: 2
[1112/234929:INFO:Awesomium.NET(0)] Destroyed View: 101
[1112/234929:WARNING:Awesomium.NET(0)] System.ComponentModel.InvalidAsynchronousStateException: При вызове данного метода произошла ошибка.  Поток-получатель больше не существует.
   в System.Windows.Forms.WindowsFormsSynchronizationContext.Send(SendOrPostCallback d, Object state)
   в Awesomium.Core.WebCore.wvjjlbeQdqUVO5E6FXD(Object , Object , Object )
   в Awesomium.Core.WebCore.ioXQMTP1sf()
[1112/234934:INFO:(0)] WebCore is now online.
[1112/234934:INFO:(0)] Running Awesomium 1.7.5.1
[1112/234934:INFO:Awesomium.NET(0)] Registering Javascript Callbacks
[1112/234934:INFO:dhcp_proxy_script_adapter_fetcher_win.cc(265)] Error fetching PAC URL from DHCP: 2
[1112/234934:INFO:dhcp_proxy_script_adapter_fetcher_win.cc(265)] Error fetching PAC URL from DHCP: 2
[1112/234939:INFO:Awesomium.NET(0)] Destroyed View: 101
[1112/234939:WARNING:Awesomium.NET(0)] System.ComponentModel.InvalidAsynchronousStateException: При вызове данного метода произошла ошибка.  Поток-получатель больше не существует.
   в System.Windows.Forms.WindowsFormsSynchronizationContext.Send(SendOrPostCallback d, Object state)
   в Awesomium.Core.WebCore.wvjjlbeQdqUVO5E6FXD(Object , Object , Object )
   в Awesomium.Core.WebCore.ioXQMTP1sf()
[1112/235311:INFO:(0)] WebCore is now online.
[1112/235311:INFO:(0)] Running Awesomium 1.7.5.1
[1112/235311:INFO:Awesomium.NET(0)] Registering Javascript Callbacks
[1112/235311:INFO:dhcp_proxy_script_adapter_fetcher_win.cc(265)] Error fetching PAC URL from DHCP: 2
[1112/235311:INFO:dhcp_proxy_script_adapter_fetcher_win.cc(265)] Error fetching PAC URL from DHCP: 2
[1112/235318:INFO:dhcp_proxy_script_adapter_fetcher_win.cc(265)] Error fetching PAC URL from DHCP: 2
[1112/235318:INFO:dhcp_proxy_script_adapter_fetcher_win.cc(265)] Error fetching PAC URL from DHCP: 2
[1112/235319:INFO:Awesomium.NET(0)] Destroyed View: 101
[1112/235319:WARNING:Awesomium.NET(0)] System.ComponentModel.InvalidAsynchronousStateException: При вызове данного метода произошла ошибка.  Поток-получатель больше не существует.
   в System.Windows.Forms.WindowsFormsSynchronizationContext.Send(SendOrPostCallback d, Object state)
   в Awesomium.Core.WebCore.wvjjlbeQdqUVO5E6FXD(Object , Object , Object )
   в Awesomium.Core.WebCore.ioXQMTP1sf()
[1113/134540:INFO:(0)] WebCore is now online.
[1113/134540:INFO:(0)] Running Awesomium 1.7.5.1
[1113/134542:INFO:Awesomium.NET(0)] Registering Javascript Callbacks
[1113/134544:WARNING:Awesomium.NET(0)] System.TimeoutException: The operation has timed out. The child process or the I/O thread, are busy. Please try to create the object again.
   в Awesomium.Windows.Forms.WebControl.CreateGlobalJavascriptObject(String name)
   в Awesomium.Core.JavascriptHelper.Register()
[1113/134546:INFO:Awesomium.NET(0)] Registering Javascript Callbacks
[1113/134546:INFO:dhcp_proxy_script_adapter_fetcher_win.cc(265)] Error fetching PAC URL from DHCP: 2
[1113/134546:INFO:dhcp_proxy_script_adapter_fetcher_win.cc(265)] Error fetching PAC URL from DHCP: 2
[1113/134552:INFO:dhcp_proxy_script_adapter_fetcher_win.cc(265)] Error fetching PAC URL from DHCP: 2
[1113/134552:INFO:dhcp_proxy_script_adapter_fetcher_win.cc(265)] Error fetching PAC URL from DHCP: 2
[1113/134603:INFO:dhcp_proxy_script_adapter_fetcher_win.cc(265)] Error fetching PAC URL from DHCP: 2
[1113/134603:INFO:dhcp_proxy_script_adapter_fetcher_win.cc(265)] Error fetching PAC URL from DHCP: 2
[1113/134622:INFO:dhcp_proxy_script_adapter_fetcher_win.cc(265)] Error fetching PAC URL from DHCP: 2
[1113/134622:INFO:dhcp_proxy_script_adapter_fetcher_win.cc(265)] Error fetching PAC URL from DHCP: 2
[1113/134629:INFO:Awesomium.NET(0)] Destroyed View: 101
[1113/134629:ERROR:ipc_channel_win.cc(360)] pipe error: 232
[1113/134629:WARNING:Awesomium.NET(0)] System.ComponentModel.InvalidAsynchronousStateException: При вызове данного метода произошла ошибка.  Поток-получатель больше не существует.
   в System.Windows.Forms.WindowsFormsSynchronizationContext.Send(SendOrPostCallback d, Object state)
   в Awesomium.Core.WebCore.wvjjlbeQdqUVO5E6FXD(Object , Object , Object )
   в Awesomium.Core.WebCore.ioXQMTP1sf()
[1113/183509:INFO:(0)] WebCore is now online.
[1113/183509:INFO:(0)] Running Awesomium 1.7.5.1
[1113/183510:INFO:Awesomium.NET(0)] Registering Javascript Callbacks
[1113/183510:INFO:dhcp_proxy_script_adapter_fetcher_win.cc(265)] Error fetching PAC URL from DHCP: 2
[1113/183510:INFO:dhcp_proxy_script_adapter_fetcher_win.cc(265)] Error fetching PAC URL from DHCP: 2
[1113/183516:INFO:dhcp_proxy_script_adapter_fetcher_win.cc(265)] Error fetching PAC URL from DHCP: 2
[1113/183516:INFO:dhcp_proxy_script_adapter_fetcher_win.cc(265)] Error fetching PAC URL from DHCP: 2
[1113/183527:INFO:dhcp_proxy_script_adapter_fetcher_win.cc(265)] Error fetching PAC URL from DHCP: 2
[1113/183527:INFO:dhcp_proxy_script_adapter_fetcher_win.cc(265)] Error fetching PAC URL from DHCP: 2
[1113/183545:INFO:dhcp_proxy_script_adapter_fetcher_win.cc(265)] Error fetching PAC URL from DHCP: 2
[1113/183545:INFO:dhcp_proxy_script_adapter_fetcher_win.cc(265)] Error fetching PAC URL from DHCP: 2
[1113/183619:INFO:dhcp_proxy_script_adapter_fetcher_win.cc(265)] Error fetching PAC URL from DHCP: 2
[1113/183619:INFO:dhcp_proxy_script_adapter_fetcher_win.cc(265)] Error fetching PAC URL from DHCP: 2
[1113/183725:INFO:dhcp_proxy_script_adapter_fetcher_win.cc(265)] Error fetching PAC URL from DHCP: 2
[1113/183725:INFO:dhcp_proxy_script_adapter_fetcher_win.cc(265)] Error fetching PAC URL from DHCP: 2
[1113/183928:INFO:dhcp_proxy_script_adapter_fetcher_win.cc(265)] Error fetching PAC URL from DHCP: 2
[1113/183928:INFO:dhcp_proxy_script_adapter_fetcher_win.cc(265)] Error fetching PAC URL from DHCP: 2
[1113/184130:INFO:dhcp_proxy_script_adapter_fetcher_win.cc(265)] Error fetching PAC URL from DHCP: 2
[1113/184130:INFO:dhcp_proxy_script_adapter_fetcher_win.cc(265)] Error fetching PAC URL from DHCP: 2
[1113/184332:INFO:dhcp_proxy_script_adapter_fetcher_win.cc(265)] Error fetching PAC URL from DHCP: 2
[1113/184332:INFO:dhcp_proxy_script_adapter_fetcher_win.cc(265)] Error fetching PAC URL from DHCP: 2
[1113/184535:INFO:dhcp_proxy_script_adapter_fetcher_win.cc(265)] Error fetching PAC URL from DHCP: 2
[1113/184535:INFO:dhcp_proxy_script_adapter_fetcher_win.cc(265)] Error fetching PAC URL from DHCP: 2
[1113/184737:INFO:dhcp_proxy_script_adapter_fetcher_win.cc(265)] Error fetching PAC URL from DHCP: 2
[1113/184737:INFO:dhcp_proxy_script_adapter_fetcher_win.cc(265)] Error fetching PAC URL from DHCP: 2
[1113/184940:INFO:dhcp_proxy_script_adapter_fetcher_win.cc(265)] Error fetching PAC URL from DHCP: 2
[1113/184940:INFO:dhcp_proxy_script_adapter_fetcher_win.cc(265)] Error fetching PAC URL from DHCP: 2
[1113/185142:INFO:dhcp_proxy_script_adapter_fetcher_win.cc(265)] Error fetching PAC URL from DHCP: 2
[1113/185142:INFO:dhcp_proxy_script_adapter_fetcher_win.cc(265)] Error fetching PAC URL from DHCP: 2
[1113/185344:INFO:dhcp_proxy_script_adapter_fetcher_win.cc(265)] Error fetching PAC URL from DHCP: 2
[1113/185344:INFO:dhcp_proxy_script_adapter_fetcher_win.cc(265)] Error fetching PAC URL from DHCP: 2
[1113/185547:INFO:dhcp_proxy_script_adapter_fetcher_win.cc(265)] Error fetching PAC URL from DHCP: 2
[1113/185547:INFO:dhcp_proxy_script_adapter_fetcher_win.cc(265)] Error fetching PAC URL from DHCP: 2
[1113/185727:INFO:(0)] WebCore is now online.
[1113/185727:INFO:(0)] Running Awesomium 1.7.5.1
[1113/185728:INFO:Awesomium.NET(0)] Registering Javascript Callbacks
[1113/185729:INFO:dhcp_proxy_script_adapter_fetcher_win.cc(265)] Error fetching PAC URL from DHCP: 2
[1113/185729:INFO:dhcp_proxy_script_adapter_fetcher_win.cc(265)] Error fetching PAC URL from DHCP: 2
[1113/185735:INFO:dhcp_proxy_script_adapter_fetcher_win.cc(265)] Error fetching PAC URL from DHCP: 2
[1113/185735:INFO:dhcp_proxy_script_adapter_fetcher_win.cc(265)] Error fetching PAC URL from DHCP: 2
[1113/185745:INFO:dhcp_proxy_script_adapter_fetcher_win.cc(265)] Error fetching PAC URL from DHCP: 2
[1113/185745:INFO:dhcp_proxy_script_adapter_fetcher_win.cc(265)] Error fetching PAC URL from DHCP: 2
[1113/185804:INFO:dhcp_proxy_script_adapter_fetcher_win.cc(265)] Error fetching PAC URL from DHCP: 2
[1113/185804:INFO:dhcp_proxy_script_adapter_fetcher_win.cc(265)] Error fetching PAC URL from DHCP: 2
[1113/185838:INFO:dhcp_proxy_script_adapter_fetcher_win.cc(265)] Error fetching PAC URL from DHCP: 2
[1113/185838:INFO:dhcp_proxy_script_adapter_fetcher_win.cc(265)] Error fetching PAC URL from DHCP: 2
[1113/185944:INFO:dhcp_proxy_script_adapter_fetcher_win.cc(265)] Error fetching PAC URL from DHCP: 2
[1113/185944:INFO:dhcp_proxy_script_adapter_fetcher_win.cc(265)] Error fetching PAC URL from DHCP: 2
[1113/190146:INFO:dhcp_proxy_script_adapter_fetcher_win.cc(265)] Error fetching PAC URL from DHCP: 2
[1113/190146:INFO:dhcp_proxy_script_adapter_fetcher_win.cc(265)] Error fetching PAC URL from DHCP: 2
[1113/190349:INFO:dhcp_proxy_script_adapter_fetcher_win.cc(265)] Error fetching PAC URL from DHCP: 2
[1113/190349:INFO:dhcp_proxy_script_adapter_fetcher_win.cc(265)] Error fetching PAC URL from DHCP: 2
[1113/190453:INFO:Awesomium.NET(0)] Identifier: 103 pending wrapping.
[1113/190453:INFO:Awesomium.NET(0)] Request: https://steamcommunity.com//chat/ from: 103 identified by Identifier.
[1113/190453:INFO:Awesomium.NET(0)] ShowCreatedWebView for 'window.open'.
[1113/190458:INFO:Awesomium.NET(0)] Identifier: 105 pending wrapping.
[1113/190459:INFO:Awesomium.NET(0)] Identifier: 106 pending wrapping.
[1113/190459:INFO:Awesomium.NET(0)] Identifier: 107 pending wrapping.
[1113/190519:INFO:Awesomium.NET(0)] Identifier: 108 pending wrapping.
[1113/190526:INFO:Awesomium.NET(0)] Destroyed View: 101
[1113/190526:WARNING:Awesomium.NET(0)] System.ComponentModel.InvalidAsynchronousStateException: При вызове данного метода произошла ошибка.  Поток-получатель больше не существует.
   в System.Windows.Forms.WindowsFormsSynchronizationContext.Send(SendOrPostCallback d, Object state)
   в Awesomium.Core.WebCore.wvjjlbeQdqUVO5E6FXD(Object , Object , Object )
   в Awesomium.Core.WebCore.ioXQMTP1sf()
[1113/190534:INFO:(0)] WebCore is now online.
[1113/190534:INFO:(0)] Running Awesomium 1.7.5.1
[1113/190534:INFO:Awesomium.NET(0)] Registering Javascript Callbacks
[1113/190534:INFO:dhcp_proxy_script_adapter_fetcher_win.cc(265)] Error fetching PAC URL from DHCP: 2
[1113/190534:INFO:dhcp_proxy_script_adapter_fetcher_win.cc(265)] Error fetching PAC URL from DHCP: 2
[1113/190540:INFO:dhcp_proxy_script_adapter_fetcher_win.cc(265)] Error fetching PAC URL from DHCP: 2
[1113/190540:INFO:dhcp_proxy_script_adapter_fetcher_win.cc(265)] Error fetching PAC URL from DHCP: 2
[1113/190551:INFO:dhcp_proxy_script_adapter_fetcher_win.cc(265)] Error fetching PAC URL from DHCP: 2
[1113/190551:INFO:dhcp_proxy_script_adapter_fetcher_win.cc(265)] Error fetching PAC URL from DHCP: 2
[1113/190553:INFO:Awesomium.NET(0)] Destroyed View: 101
[1113/190553:WARNING:Awesomium.NET(0)] System.ComponentModel.InvalidAsynchronousStateException: При вызове данного метода произошла ошибка.  Поток-получатель больше не существует.
   в System.Windows.Forms.WindowsFormsSynchronizationContext.Send(SendOrPostCallback d, Object state)
   в Awesomium.Core.WebCore.wvjjlbeQdqUVO5E6FXD(Object , Object , Object )
   в Awesomium.Core.WebCore.ioXQMTP1sf()
[1113/190759:INFO:(0)] WebCore is now online.
[1113/190759:INFO:(0)] Running Awesomium 1.7.5.1
[1113/190800:INFO:Awesomium.NET(0)] Registering Javascript Callbacks
[1113/190800:ERROR:cache_util_win.cc(48)] Unable to move the cache: 5
[1113/190800:ERROR:backend_impl.cc(134)] Unable to move cache folder
[1113/190800:ERROR:backend_impl.cc(264)] Unable to create cache
[1113/190800:INFO:dhcp_proxy_script_adapter_fetcher_win.cc(265)] Error fetching PAC URL from DHCP: 2
[1113/190800:INFO:dhcp_proxy_script_adapter_fetcher_win.cc(265)] Error fetching PAC URL from DHCP: 2
[1113/190806:INFO:dhcp_proxy_script_adapter_fetcher_win.cc(265)] Error fetching PAC URL from DHCP: 2
[1113/190806:INFO:dhcp_proxy_script_adapter_fetcher_win.cc(265)] Error fetching PAC URL from DHCP: 2
[1113/190817:INFO:dhcp_proxy_script_adapter_fetcher_win.cc(265)] Error fetching PAC URL from DHCP: 2
[1113/190817:INFO:dhcp_proxy_script_adapter_fetcher_win.cc(265)] Error fetching PAC URL from DHCP: 2
[1113/190818:INFO:Awesomium.NET(0)] Destroyed View: 101
[1113/190818:ERROR:ipc_channel_win.cc(360)] pipe error: 232
[1113/190818:WARNING:Awesomium.NET(0)] System.ComponentModel.InvalidAsynchronousStateException: При вызове данного метода произошла ошибка.  Поток-получатель больше не существует.
   в System.Windows.Forms.WindowsFormsSynchronizationContext.Send(SendOrPostCallback d, Object state)
   в Awesomium.Core.WebCore.wvjjlbeQdqUVO5E6FXD(Object , Object , Object )
   в Awesomium.Core.WebCore.ioXQMTP1sf()
[1113/190836:INFO:(0)] WebCore is now online.
[1113/190836:INFO:(0)] Running Awesomium 1.7.5.1
[1113/190836:INFO:Awesomium.NET(0)] Registering Javascript Callbacks
[1113/190837:INFO:dhcp_proxy_script_adapter_fetcher_win.cc(265)] Error fetching PAC URL from DHCP: 2
[1113/190837:INFO:dhcp_proxy_script_adapter_fetcher_win.cc(265)] Error fetching PAC URL from DHCP: 2
[1113/190843:INFO:dhcp_proxy_script_adapter_fetcher_win.cc(265)] Error fetching PAC URL from DHCP: 2
[1113/190843:INFO:dhcp_proxy_script_adapter_fetcher_win.cc(265)] Error fetching PAC URL from DHCP: 2
[1113/190852:INFO:Awesomium.NET(0)] Destroyed View: 101
[1113/190852:WARNING:Awesomium.NET(0)] System.ComponentModel.InvalidAsynchronousStateException: При вызове данного метода произошла ошибка.  Поток-получатель больше не существует.
   в System.Windows.Forms.WindowsFormsSynchronizationContext.Send(SendOrPostCallback d, Object state)
   в Awesomium.Core.WebCore.wvjjlbeQdqUVO5E6FXD(Object , Object , Object )
   в Awesomium.Core.WebCore.ioXQMTP1sf()
[1113/191511:INFO:(0)] WebCore is now online.
[1113/191511:INFO:(0)] Running Awesomium 1.7.5.1
[1113/191511:INFO:Awesomium.NET(0)] Registering Javascript Callbacks
[1113/191511:INFO:dhcp_proxy_script_adapter_fetcher_win.cc(265)] Error fetching PAC URL from DHCP: 2
[1113/191511:INFO:dhcp_proxy_script_adapter_fetcher_win.cc(265)] Error fetching PAC URL from DHCP: 2
[1113/191518:INFO:dhcp_proxy_script_adapter_fetcher_win.cc(265)] Error fetching PAC URL from DHCP: 2
[1113/191518:INFO:dhcp_proxy_script_adapter_fetcher_win.cc(265)] Error fetching PAC URL from DHCP: 2
[1113/191520:INFO:Awesomium.NET(0)] Destroyed View: 101
[1113/191520:WARNING:Awesomium.NET(0)] System.ComponentModel.InvalidAsynchronousStateException: При вызове данного метода произошла ошибка.  Поток-получатель больше не существует.
   в System.Windows.Forms.WindowsFormsSynchronizationContext.Send(SendOrPostCallback d, Object state)
   в Awesomium.Core.WebCore.wvjjlbeQdqUVO5E6FXD(Object , Object , Object )
   в Awesomium.Core.WebCore.ioXQMTP1sf()
[1113/193629:INFO:(0)] WebCore is now online.
[1113/193629:INFO:(0)] Running Awesomium 1.7.5.1
[1113/193630:INFO:Awesomium.NET(0)] Registering Javascript Callbacks
[1113/193630:INFO:dhcp_proxy_script_adapter_fetcher_win.cc(265)] Error fetching PAC URL from DHCP: 2
[1113/193630:INFO:dhcp_proxy_script_adapter_fetcher_win.cc(265)] Error fetching PAC URL from DHCP: 2
[1113/193636:INFO:dhcp_proxy_script_adapter_fetcher_win.cc(265)] Error fetching PAC URL from DHCP: 2
[1113/193636:INFO:dhcp_proxy_script_adapter_fetcher_win.cc(265)] Error fetching PAC URL from DHCP: 2
[1113/193648:INFO:dhcp_proxy_script_adapter_fetcher_win.cc(265)] Error fetching PAC URL from DHCP: 2
[1113/193648:INFO:dhcp_proxy_script_adapter_fetcher_win.cc(265)] Error fetching PAC URL from DHCP: 2
[1113/194916:INFO:(0)] WebCore is now online.
[1113/194916:INFO:(0)] Running Awesomium 1.7.5.1
[1113/194917:INFO:Awesomium.NET(0)] Registering Javascript Callbacks
[1113/194917:INFO:dhcp_proxy_script_adapter_fetcher_win.cc(265)] Error fetching PAC URL from DHCP: 2
[1113/194917:INFO:dhcp_proxy_script_adapter_fetcher_win.cc(265)] Error fetching PAC URL from DHCP: 2
[1113/194923:INFO:dhcp_proxy_script_adapter_fetcher_win.cc(265)] Error fetching PAC URL from DHCP: 2
[1113/194923:INFO:dhcp_proxy_script_adapter_fetcher_win.cc(265)] Error fetching PAC URL from DHCP: 2
[1113/195823:INFO:(0)] WebCore is now online.
[1113/195823:INFO:(0)] Running Awesomium 1.7.5.1
[1113/195823:INFO:Awesomium.NET(0)] Registering Javascript Callbacks
[1113/195823:INFO:dhcp_proxy_script_adapter_fetcher_win.cc(265)] Error fetching PAC URL from DHCP: 2
[1113/195823:INFO:dhcp_proxy_script_adapter_fetcher_win.cc(265)] Error fetching PAC URL from DHCP: 2
[1113/195829:INFO:dhcp_proxy_script_adapter_fetcher_win.cc(265)] Error fetching PAC URL from DHCP: 2
[1113/195829:INFO:dhcp_proxy_script_adapter_fetcher_win.cc(265)] Error fetching PAC URL from DHCP: 2
[1113/200327:INFO:(0)] WebCore is now online.
[1113/200327:INFO:(0)] Running Awesomium 1.7.5.1
[1113/200328:INFO:Awesomium.NET(0)] Registering Javascript Callbacks
[1113/200328:INFO:dhcp_proxy_script_adapter_fetcher_win.cc(265)] Error fetching PAC URL from DHCP: 2
[1113/200328:INFO:dhcp_proxy_script_adapter_fetcher_win.cc(265)] Error fetching PAC URL from DHCP: 2
[1113/200334:INFO:dhcp_proxy_script_adapter_fetcher_win.cc(265)] Error fetching PAC URL from DHCP: 2
[1113/200334:INFO:dhcp_proxy_script_adapter_fetcher_win.cc(265)] Error fetching PAC URL from DHCP: 2
[1113/200352:INFO:(0)] WebCore is now online.
[1113/200352:INFO:(0)] Running Awesomium 1.7.5.1
[1113/200352:INFO:Awesomium.NET(0)] Registering Javascript Callbacks
[1113/200352:INFO:dhcp_proxy_script_adapter_fetcher_win.cc(265)] Error fetching PAC URL from DHCP: 2
[1113/200352:INFO:dhcp_proxy_script_adapter_fetcher_win.cc(265)] Error fetching PAC URL from DHCP: 2
[1113/200358:INFO:dhcp_proxy_script_adapter_fetcher_win.cc(265)] Error fetching PAC URL from DHCP: 2
[1113/200358:INFO:dhcp_proxy_script_adapter_fetcher_win.cc(265)] Error fetching PAC URL from DHCP: 2
[1113/200406:INFO:(0)] WebCore is now online.
[1113/200406:INFO:(0)] Running Awesomium 1.7.5.1
[1113/200406:INFO:Awesomium.NET(0)] Registering Javascript Callbacks
[1113/200407:INFO:dhcp_proxy_script_adapter_fetcher_win.cc(265)] Error fetching PAC URL from DHCP: 2
[1113/200407:INFO:dhcp_proxy_script_adapter_fetcher_win.cc(265)] Error fetching PAC URL from DHCP: 2
[1113/200413:INFO:dhcp_proxy_script_adapter_fetcher_win.cc(265)] Error fetching PAC URL from DHCP: 2
[1113/200413:INFO:dhcp_proxy_script_adapter_fetcher_win.cc(265)] Error fetching PAC URL from DHCP: 2
[1113/200423:INFO:dhcp_proxy_script_adapter_fetcher_win.cc(265)] Error fetching PAC URL from DHCP: 2
[1113/200423:INFO:dhcp_proxy_script_adapter_fetcher_win.cc(265)] Error fetching PAC URL from DHCP: 2
[1113/200441:INFO:dhcp_proxy_script_adapter_fetcher_win.cc(265)] Error fetching PAC URL from DHCP: 2
[1113/200441:INFO:dhcp_proxy_script_adapter_fetcher_win.cc(265)] Error fetching PAC URL from DHCP: 2
[1113/200516:INFO:dhcp_proxy_script_adapter_fetcher_win.cc(265)] Error fetching PAC URL from DHCP: 2
[1113/200516:INFO:dhcp_proxy_script_adapter_fetcher_win.cc(265)] Error fetching PAC URL from DHCP: 2
[1113/200622:INFO:dhcp_proxy_script_adapter_fetcher_win.cc(265)] Error fetching PAC URL from DHCP: 2
[1113/200622:INFO:dhcp_proxy_script_adapter_fetcher_win.cc(265)] Error fetching PAC URL from DHCP: 2
[1113/200628:INFO:(0)] WebCore is now online.
[1113/200628:INFO:(0)] Running Awesomium 1.7.5.1
[1113/200628:INFO:Awesomium.NET(0)] Registering Javascript Callbacks
[1113/200628:INFO:dhcp_proxy_script_adapter_fetcher_win.cc(265)] Error fetching PAC URL from DHCP: 2
[1113/200628:INFO:dhcp_proxy_script_adapter_fetcher_win.cc(265)] Error fetching PAC URL from DHCP: 2
[1113/200635:INFO:dhcp_proxy_script_adapter_fetcher_win.cc(265)] Error fetching PAC URL from DHCP: 2
[1113/200635:INFO:dhcp_proxy_script_adapter_fetcher_win.cc(265)] Error fetching PAC URL from DHCP: 2
[1113/200645:INFO:(0)] WebCore is now online.
[1113/200645:INFO:(0)] Running Awesomium 1.7.5.1
[1113/200645:INFO:Awesomium.NET(0)] Registering Javascript Callbacks
[1113/200645:INFO:dhcp_proxy_script_adapter_fetcher_win.cc(265)] Error fetching PAC URL from DHCP: 2
[1113/200645:INFO:dhcp_proxy_script_adapter_fetcher_win.cc(265)] Error fetching PAC URL from DHCP: 2
[1113/200652:INFO:dhcp_proxy_script_adapter_fetcher_win.cc(265)] Error fetching PAC URL from DHCP: 2
[1113/200652:INFO:dhcp_proxy_script_adapter_fetcher_win.cc(265)] Error fetching PAC URL from DHCP: 2
[1113/200700:INFO:Awesomium.NET(0)] Destroyed View: 101
[1113/200700:WARNING:Awesomium.NET(0)] System.ComponentModel.InvalidAsynchronousStateException: При вызове данного метода произошла ошибка.  Поток-получатель больше не существует.
   в System.Windows.Forms.WindowsFormsSynchronizationContext.Send(SendOrPostCallback d, Object state)
   в Awesomium.Core.WebCore.wvjjlbeQdqUVO5E6FXD(Object , Object , Object )
   в Awesomium.Core.WebCore.ioXQMTP1sf()
[1113/200707:INFO:(0)] WebCore is now online.
[1113/200707:INFO:(0)] Running Awesomium 1.7.5.1
[1113/200707:INFO:Awesomium.NET(0)] Registering Javascript Callbacks
[1113/200707:INFO:dhcp_proxy_script_adapter_fetcher_win.cc(265)] Error fetching PAC URL from DHCP: 2
[1113/200707:INFO:dhcp_proxy_script_adapter_fetcher_win.cc(265)] Error fetching PAC URL from DHCP: 2
[1113/200714:INFO:dhcp_proxy_script_adapter_fetcher_win.cc(265)] Error fetching PAC URL from DHCP: 2
[1113/200714:INFO:dhcp_proxy_script_adapter_fetcher_win.cc(265)] Error fetching PAC URL from DHCP: 2
[1113/200724:INFO:dhcp_proxy_script_adapter_fetcher_win.cc(265)] Error fetching PAC URL from DHCP: 2
[1113/200724:INFO:dhcp_proxy_script_adapter_fetcher_win.cc(265)] Error fetching PAC URL from DHCP: 2
[1113/200730:INFO:Awesomium.NET(0)] Destroyed View: 101
[1113/200730:WARNING:Awesomium.NET(0)] System.ComponentModel.InvalidAsynchronousStateException: При вызове данного метода произошла ошибка.  Поток-получатель больше не существует.
   в System.Windows.Forms.WindowsFormsSynchronizationContext.Send(SendOrPostCallback d, Object state)
   в Awesomium.Core.WebCore.wvjjlbeQdqUVO5E6FXD(Object , Object , Object )
   в Awesomium.Core.WebCore.ioXQMTP1sf()
[1113/200735:INFO:(0)] WebCore is now online.
[1113/200735:INFO:(0)] Running Awesomium 1.7.5.1
[1113/200736:INFO:Awesomium.NET(0)] Registering Javascript Callbacks
[1113/200736:INFO:dhcp_proxy_script_adapter_fetcher_win.cc(265)] Error fetching PAC URL from DHCP: 2
[1113/200736:INFO:dhcp_proxy_script_adapter_fetcher_win.cc(265)] Error fetching PAC URL from DHCP: 2
[1113/200742:INFO:dhcp_proxy_script_adapter_fetcher_win.cc(265)] Error fetching PAC URL from DHCP: 2
[1113/200742:INFO:dhcp_proxy_script_adapter_fetcher_win.cc(265)] Error fetching PAC URL from DHCP: 2
[1113/200752:INFO:dhcp_proxy_script_adapter_fetcher_win.cc(265)] Error fetching PAC URL from DHCP: 2
[1113/200752:INFO:dhcp_proxy_script_adapter_fetcher_win.cc(265)] Error fetching PAC URL from DHCP: 2
[1113/200810:INFO:dhcp_proxy_script_adapter_fetcher_win.cc(265)] Error fetching PAC URL from DHCP: 2
[1113/200810:INFO:dhcp_proxy_script_adapter_fetcher_win.cc(265)] Error fetching PAC URL from DHCP: 2
[1113/200811:INFO:Awesomium.NET(0)] Destroyed View: 101
[1113/200811:WARNING:Awesomium.NET(0)] System.ComponentModel.InvalidAsynchronousStateException: При вызове данного метода произошла ошибка.  Поток-получатель больше не существует.
   в System.Windows.Forms.WindowsFormsSynchronizationContext.Send(SendOrPostCallback d, Object state)
   в Awesomium.Core.WebCore.wvjjlbeQdqUVO5E6FXD(Object , Object , Object )
   в Awesomium.Core.WebCore.ioXQMTP1sf()
[1113/200814:INFO:(0)] WebCore is now online.
[1113/200814:INFO:(0)] Running Awesomium 1.7.5.1
[1113/200814:INFO:Awesomium.NET(0)] Registering Javascript Callbacks
[1113/200814:INFO:dhcp_proxy_script_adapter_fetcher_win.cc(265)] Error fetching PAC URL from DHCP: 2
[1113/200814:INFO:dhcp_proxy_script_adapter_fetcher_win.cc(265)] Error fetching PAC URL from DHCP: 2
[1113/200820:INFO:dhcp_proxy_script_adapter_fetcher_win.cc(265)] Error fetching PAC URL from DHCP: 2
[1113/200820:INFO:dhcp_proxy_script_adapter_fetcher_win.cc(265)] Error fetching PAC URL from DHCP: 2
[1113/200908:INFO:(0)] WebCore is now online.
[1113/200908:INFO:(0)] Running Awesomium 1.7.5.1
[1113/200909:INFO:Awesomium.NET(0)] Registering Javascript Callbacks
[1113/200909:INFO:dhcp_proxy_script_adapter_fetcher_win.cc(265)] Error fetching PAC URL from DHCP: 2
[1113/200909:INFO:dhcp_proxy_script_adapter_fetcher_win.cc(265)] Error fetching PAC URL from DHCP: 2
[1113/200915:INFO:dhcp_proxy_script_adapter_fetcher_win.cc(265)] Error fetching PAC URL from DHCP: 2
[1113/200915:INFO:dhcp_proxy_script_adapter_fetcher_win.cc(265)] Error fetching PAC URL from DHCP: 2
[1113/200926:INFO:dhcp_proxy_script_adapter_fetcher_win.cc(265)] Error fetching PAC URL from DHCP: 2
[1113/200926:INFO:dhcp_proxy_script_adapter_fetcher_win.cc(265)] Error fetching PAC URL from DHCP: 2
[1113/200945:INFO:dhcp_proxy_script_adapter_fetcher_win.cc(265)] Error fetching PAC URL from DHCP: 2
[1113/200945:INFO:dhcp_proxy_script_adapter_fetcher_win.cc(265)] Error fetching PAC URL from DHCP: 2
[1113/201000:INFO:Awesomium.NET(0)] Destroyed View: 101
[1113/201000:WARNING:Awesomium.NET(0)] System.ComponentModel.InvalidAsynchronousStateException: При вызове данного метода произошла ошибка.  Поток-получатель больше не существует.
   в System.Windows.Forms.WindowsFormsSynchronizationContext.Send(SendOrPostCallback d, Object state)
   в Awesomium.Core.WebCore.wvjjlbeQdqUVO5E6FXD(Object , Object , Object )
   в Awesomium.Core.WebCore.ioXQMTP1sf()
[1113/201244:INFO:(0)] WebCore is now online.
[1113/201244:INFO:(0)] Running Awesomium 1.7.5.1
[1113/201250:WARNING:Awesomium.NET(0)] System.ComponentModel.InvalidAsynchronousStateException: При вызове данного метода произошла ошибка.  Поток-получатель больше не существует.
   в System.Windows.Forms.WindowsFormsSynchronizationContext.Send(SendOrPostCallback d, Object state)
   в Awesomium.Core.WebCore.wvjjlbeQdqUVO5E6FXD(Object , Object , Object )
   в Awesomium.Core.WebCore.ioXQMTP1sf()
[1113/201302:INFO:(0)] WebCore is now online.
[1113/201302:INFO:(0)] Running Awesomium 1.7.5.1
[1113/201312:WARNING:Awesomium.NET(0)] System.ComponentModel.InvalidAsynchronousStateException: При вызове данного метода произошла ошибка.  Поток-получатель больше не существует.
   в System.Windows.Forms.WindowsFormsSynchronizationContext.Send(SendOrPostCallback d, Object state)
   в Awesomium.Core.WebCore.wvjjlbeQdqUVO5E6FXD(Object , Object , Object )
   в Awesomium.Core.WebCore.ioXQMTP1sf()
[1113/201655:INFO:(0)] WebCore is now online.
[1113/201655:INFO:(0)] Running Awesomium 1.7.5.1
[1113/201659:WARNING:Awesomium.NET(0)] System.TimeoutException: The operation has timed out. The child process or the I/O thread, are busy. Please try to create the object again.
   в Awesomium.Windows.Forms.WebControl.CreateGlobalJavascriptObject(String name)
   в Awesomium.Core.JavascriptHelper.Register()
[1113/201838:INFO:(0)] WebCore is now online.
[1113/201838:INFO:(0)] Running Awesomium 1.7.5.1
[1113/201902:WARNING:Awesomium.NET(0)] System.ComponentModel.InvalidAsynchronousStateException: При вызове данного метода произошла ошибка.  Поток-получатель больше не существует.
   в System.Windows.Forms.WindowsFormsSynchronizationContext.Send(SendOrPostCallback d, Object state)
   в Awesomium.Core.WebCore.wvjjlbeQdqUVO5E6FXD(Object , Object , Object )
   в Awesomium.Core.WebCore.ioXQMTP1sf()
[1113/201919:INFO:(0)] WebCore is now online.
[1113/201919:INFO:(0)] Running Awesomium 1.7.5.1
[1113/201936:WARNING:Awesomium.NET(0)] System.ComponentModel.InvalidAsynchronousStateException: При вызове данного метода произошла ошибка.  Поток-получатель больше не существует.
   в System.Windows.Forms.WindowsFormsSynchronizationContext.Send(SendOrPostCallback d, Object state)
   в Awesomium.Core.WebCore.wvjjlbeQdqUVO5E6FXD(Object , Object , Object )
   в Awesomium.Core.WebCore.ioXQMTP1sf()
[1113/201950:INFO:(0)] WebCore is now online.
[1113/201950:INFO:(0)] Running Awesomium 1.7.5.1
[1113/202938:INFO:(0)] WebCore is now online.
[1113/202938:INFO:(0)] Running Awesomium 1.7.5.1
[1113/203002:WARNING:Awesomium.NET(0)] System.ComponentModel.InvalidAsynchronousStateException: При вызове данного метода произошла ошибка.  Поток-получатель больше не существует.
   в System.Windows.Forms.WindowsFormsSynchronizationContext.Send(SendOrPostCallback d, Object state)
   в Awesomium.Core.WebCore.wvjjlbeQdqUVO5E6FXD(Object , Object , Object )
   в Awesomium.Core.WebCore.ioXQMTP1sf()
[1113/203628:INFO:(0)] WebCore is now online.
[1113/203628:INFO:(0)] Running Awesomium 1.7.5.1
[1113/203639:WARNING:Awesomium.NET(0)] System.ComponentModel.InvalidAsynchronousStateException: При вызове данного метода произошла ошибка.  Поток-получатель больше не существует.
   в System.Windows.Forms.WindowsFormsSynchronizationContext.Send(SendOrPostCallback d, Object state)
   в Awesomium.Core.WebCore.wvjjlbeQdqUVO5E6FXD(Object , Object , Object )
   в Awesomium.Core.WebCore.ioXQMTP1sf()
[1113/203718:INFO:(0)] WebCore is now online.
[1113/203718:INFO:(0)] Running Awesomium 1.7.5.1
[1113/203729:WARNING:Awesomium.NET(0)] System.ComponentModel.InvalidAsynchronousStateException: При вызове данного метода произошла ошибка.  Поток-получатель больше не существует.
   в System.Windows.Forms.WindowsFormsSynchronizationContext.Send(SendOrPostCallback d, Object state)
   в Awesomium.Core.WebCore.wvjjlbeQdqUVO5E6FXD(Object , Object , Object )
   в Awesomium.Core.WebCore.ioXQMTP1sf()
[1114/094015:INFO:(0)] WebCore is now online.
[1114/094015:INFO:(0)] Running Awesomium 1.7.5.1
[1114/094045:WARNING:Awesomium.NET(0)] System.ComponentModel.InvalidAsynchronousStateException: При вызове данного метода произошла ошибка.  Поток-получатель больше не существует.
   в System.Windows.Forms.WindowsFormsSynchronizationContext.Send(SendOrPostCallback d, Object state)
   в Awesomium.Core.WebCore.wvjjlbeQdqUVO5E6FXD(Object , Object , Object )
   в Awesomium.Core.WebCore.ioXQMTP1sf()
[1114/094050:INFO:(0)] WebCore is now online.
[1114/094050:INFO:(0)] Running Awesomium 1.7.5.1
[1114/094104:WARNING:Awesomium.NET(0)] System.ComponentModel.InvalidAsynchronousStateException: При вызове данного метода произошла ошибка.  Поток-получатель больше не существует.
   в System.Windows.Forms.WindowsFormsSynchronizationContext.Send(SendOrPostCallback d, Object state)
   в Awesomium.Core.WebCore.wvjjlbeQdqUVO5E6FXD(Object , Object , Object )
   в Awesomium.Core.WebCore.ioXQMTP1sf()
[1114/094209:INFO:(0)] WebCore is now online.
[1114/094209:INFO:(0)] Running Awesomium 1.7.5.1
[1114/094232:WARNING:Awesomium.NET(0)] System.ComponentModel.InvalidAsynchronousStateException: При вызове данного метода произошла ошибка.  Поток-получатель больше не существует.
   в System.Windows.Forms.WindowsFormsSynchronizationContext.Send(SendOrPostCallback d, Object state)
   в Awesomium.Core.WebCore.wvjjlbeQdqUVO5E6FXD(Object , Object , Object )
   в Awesomium.Core.WebCore.ioXQMTP1sf()
[1114/094359:INFO:(0)] WebCore is now online.
[1114/094359:INFO:(0)] Running Awesomium 1.7.5.1
[1114/094406:WARNING:Awesomium.NET(0)] System.ComponentModel.InvalidAsynchronousStateException: При вызове данного метода произошла ошибка.  Поток-получатель больше не существует.
   в System.Windows.Forms.WindowsFormsSynchronizationContext.Send(SendOrPostCallback d, Object state)
   в Awesomium.Core.WebCore.wvjjlbeQdqUVO5E6FXD(Object , Object , Object )
   в Awesomium.Core.WebCore.ioXQMTP1sf()
[1114/095321:INFO:(0)] WebCore is now online.
[1114/095321:INFO:(0)] Running Awesomium 1.7.5.1
[1114/095339:WARNING:Awesomium.NET(0)] System.ComponentModel.InvalidAsynchronousStateException: При вызове данного метода произошла ошибка.  Поток-получатель больше не существует.
   в System.Windows.Forms.WindowsFormsSynchronizationContext.Send(SendOrPostCallback d, Object state)
   в Awesomium.Core.WebCore.wvjjlbeQdqUVO5E6FXD(Object , Object , Object )
   в Awesomium.Core.WebCore.ioXQMTP1sf()
[1114/095427:INFO:(0)] WebCore is now online.
[1114/095427:INFO:(0)] Running Awesomium 1.7.5.1
[1114/095437:WARNING:Awesomium.NET(0)] System.ComponentModel.InvalidAsynchronousStateException: При вызове данного метода произошла ошибка.  Поток-получатель больше не существует.
   в System.Windows.Forms.WindowsFormsSynchronizationContext.Send(SendOrPostCallback d, Object state)
   в Awesomium.Core.WebCore.wvjjlbeQdqUVO5E6FXD(Object , Object , Object )
   в Awesomium.Core.WebCore.ioXQMTP1sf()
[1114/095448:INFO:(0)] WebCore is now online.
[1114/095448:INFO:(0)] Running Awesomium 1.7.5.1
[1114/095450:ERROR:ipc_channel_win.cc(360)] pipe error: 232
[1114/095450:WARNING:Awesomium.NET(0)] System.ComponentModel.InvalidAsynchronousStateException: При вызове данного метода произошла ошибка.  Поток-получатель больше не существует.
   в System.Windows.Forms.WindowsFormsSynchronizationContext.Send(SendOrPostCallback d, Object state)
   в Awesomium.Core.WebCore.wvjjlbeQdqUVO5E6FXD(Object , Object , Object )
   в Awesomium.Core.WebCore.ioXQMTP1sf()
[1114/101547:INFO:(0)] WebCore is now online.
[1114/101547:INFO:(0)] Running Awesomium 1.7.5.1
[1114/102500:INFO:(0)] WebCore is now online.
[1114/102500:INFO:(0)] Running Awesomium 1.7.5.1
[1114/102504:ERROR:ipc_channel_win.cc(360)] pipe error: 232
[1114/102504:WARNING:Awesomium.NET(0)] System.ComponentModel.InvalidAsynchronousStateException: При вызове данного метода произошла ошибка.  Поток-получатель больше не существует.
   в System.Windows.Forms.WindowsFormsSynchronizationContext.Send(SendOrPostCallback d, Object state)
   в Awesomium.Core.WebCore.wvjjlbeQdqUVO5E6FXD(Object , Object , Object )
   в Awesomium.Core.WebCore.ioXQMTP1sf()
[1114/102518:INFO:(0)] WebCore is now online.
[1114/102518:INFO:(0)] Running Awesomium 1.7.5.1
[1114/102529:WARNING:Awesomium.NET(0)] System.ComponentModel.InvalidAsynchronousStateException: При вызове данного метода произошла ошибка.  Поток-получатель больше не существует.
   в System.Windows.Forms.WindowsFormsSynchronizationContext.Send(SendOrPostCallback d, Object state)
   в Awesomium.Core.WebCore.wvjjlbeQdqUVO5E6FXD(Object , Object , Object )
   в Awesomium.Core.WebCore.ioXQMTP1sf()
[1114/102646:INFO:(0)] WebCore is now online.
[1114/102646:INFO:(0)] Running Awesomium 1.7.5.1
[1114/102704:WARNING:Awesomium.NET(0)] System.ComponentModel.InvalidAsynchronousStateException: При вызове данного метода произошла ошибка.  Поток-получатель больше не существует.
   в System.Windows.Forms.WindowsFormsSynchronizationContext.Send(SendOrPostCallback d, Object state)
   в Awesomium.Core.WebCore.wvjjlbeQdqUVO5E6FXD(Object , Object , Object )
   в Awesomium.Core.WebCore.ioXQMTP1sf()
[1114/102739:INFO:(0)] WebCore is now online.
[1114/102739:INFO:(0)] Running Awesomium 1.7.5.1
[1114/102754:WARNING:Awesomium.NET(0)] System.ComponentModel.InvalidAsynchronousStateException: При вызове данного метода произошла ошибка.  Поток-получатель больше не существует.
   в System.Windows.Forms.WindowsFormsSynchronizationContext.Send(SendOrPostCallback d, Object state)
   в Awesomium.Core.WebCore.wvjjlbeQdqUVO5E6FXD(Object , Object , Object )
   в Awesomium.Core.WebCore.ioXQMTP1sf()
[1114/102821:INFO:(0)] WebCore is now online.
[1114/102821:INFO:(0)] Running Awesomium 1.7.5.1
[1114/102833:WARNING:Awesomium.NET(0)] System.ComponentModel.InvalidAsynchronousStateException: При вызове данного метода произошла ошибка.  Поток-получатель больше не существует.
   в System.Windows.Forms.WindowsFormsSynchronizationContext.Send(SendOrPostCallback d, Object state)
   в Awesomium.Core.WebCore.wvjjlbeQdqUVO5E6FXD(Object , Object , Object )
   в Awesomium.Core.WebCore.ioXQMTP1sf()
[1114/102856:INFO:(0)] WebCore is now online.
[1114/102856:INFO:(0)] Running Awesomium 1.7.5.1
[1114/102901:WARNING:Awesomium.NET(0)] System.ComponentModel.InvalidAsynchronousStateException: При вызове данного метода произошла ошибка.  Поток-получатель больше не существует.
   в System.Windows.Forms.WindowsFormsSynchronizationContext.Send(SendOrPostCallback d, Object state)
   в Awesomium.Core.WebCore.wvjjlbeQdqUVO5E6FXD(Object , Object , Object )
   в Awesomium.Core.WebCore.ioXQMTP1sf()
[1114/102914:INFO:(0)] WebCore is now online.
[1114/102914:INFO:(0)] Running Awesomium 1.7.5.1
[1114/102917:WARNING:Awesomium.NET(0)] System.ComponentModel.InvalidAsynchronousStateException: При вызове данного метода произошла ошибка.  Поток-получатель больше не существует.
   в System.Windows.Forms.WindowsFormsSynchronizationContext.Send(SendOrPostCallback d, Object state)
   в Awesomium.Core.WebCore.wvjjlbeQdqUVO5E6FXD(Object , Object , Object )
   в Awesomium.Core.WebCore.ioXQMTP1sf()
[1114/102951:INFO:(0)] WebCore is now online.
[1114/102951:INFO:(0)] Running Awesomium 1.7.5.1
[1114/102958:ERROR:ipc_channel_win.cc(360)] pipe error: 232
[1114/102958:WARNING:Awesomium.NET(0)] System.ComponentModel.InvalidAsynchronousStateException: При вызове данного метода произошла ошибка.  Поток-получатель больше не существует.
   в System.Windows.Forms.WindowsFormsSynchronizationContext.Send(SendOrPostCallback d, Object state)
   в Awesomium.Core.WebCore.wvjjlbeQdqUVO5E6FXD(Object , Object , Object )
   в Awesomium.Core.WebCore.ioXQMTP1sf()
[1114/103004:INFO:(0)] WebCore is now online.
[1114/103004:INFO:(0)] Running Awesomium 1.7.5.1
[1114/103015:WARNING:Awesomium.NET(0)] System.ComponentModel.InvalidAsynchronousStateException: При вызове данного метода произошла ошибка.  Поток-получатель больше не существует.
   в System.Windows.Forms.WindowsFormsSynchronizationContext.Send(SendOrPostCallback d, Object state)
   в Awesomium.Core.WebCore.wvjjlbeQdqUVO5E6FXD(Object , Object , Object )
   в Awesomium.Core.WebCore.ioXQMTP1sf()
[1114/103125:INFO:(0)] WebCore is now online.
[1114/103125:INFO:(0)] Running Awesomium 1.7.5.1
[1114/103141:WARNING:Awesomium.NET(0)] System.ComponentModel.InvalidAsynchronousStateException: При вызове данного метода произошла ошибка.  Поток-получатель больше не существует.
   в System.Windows.Forms.WindowsFormsSynchronizationContext.Send(SendOrPostCallback d, Object state)
   в Awesomium.Core.WebCore.wvjjlbeQdqUVO5E6FXD(Object , Object , Object )
   в Awesomium.Core.WebCore.ioXQMTP1sf()
[1114/103733:INFO:(0)] WebCore is now online.
[1114/103733:INFO:(0)] Running Awesomium 1.7.5.1
[1114/103743:WARNING:Awesomium.NET(0)] System.ComponentModel.InvalidAsynchronousStateException: При вызове данного метода произошла ошибка.  Поток-получатель больше не существует.
   в System.Windows.Forms.WindowsFormsSynchronizationContext.Send(SendOrPostCallback d, Object state)
   в Awesomium.Core.WebCore.wvjjlbeQdqUVO5E6FXD(Object , Object , Object )
   в Awesomium.Core.WebCore.ioXQMTP1sf()
[1114/104317:INFO:(0)] WebCore is now online.
[1114/104317:INFO:(0)] Running Awesomium 1.7.5.1
[1114/104323:WARNING:Awesomium.NET(0)] System.ComponentModel.InvalidAsynchronousStateException: При вызове данного метода произошла ошибка.  Поток-получатель больше не существует.
   в System.Windows.Forms.WindowsFormsSynchronizationContext.Send(SendOrPostCallback d, Object state)
   в Awesomium.Core.WebCore.wvjjlbeQdqUVO5E6FXD(Object , Object , Object )
   в Awesomium.Core.WebCore.ioXQMTP1sf()
[1114/104514:INFO:(0)] WebCore is now online.
[1114/104514:INFO:(0)] Running Awesomium 1.7.5.1
[1114/104534:WARNING:Awesomium.NET(0)] System.ComponentModel.InvalidAsynchronousStateException: При вызове данного метода произошла ошибка.  Поток-получатель больше не существует.
   в System.Windows.Forms.WindowsFormsSynchronizationContext.Send(SendOrPostCallback d, Object state)
   в Awesomium.Core.WebCore.wvjjlbeQdqUVO5E6FXD(Object , Object , Object )
   в Awesomium.Core.WebCore.ioXQMTP1sf()
[1114/111311:INFO:(0)] WebCore is now online.
[1114/111311:INFO:(0)] Running Awesomium 1.7.5.1
[1114/112305:INFO:(0)] WebCore is now online.
[1114/112305:INFO:(0)] Running Awesomium 1.7.5.1
[1114/122421:INFO:(0)] WebCore is now online.
[1114/122421:INFO:(0)] Running Awesomium 1.7.5.1
[1114/211306:INFO:(0)] WebCore is now online.
[1114/211306:INFO:(0)] Running Awesomium 1.7.5.1
[1114/211628:INFO:(0)] WebCore is now online.
[1114/211628:INFO:(0)] Running Awesomium 1.7.5.1
[1114/211824:INFO:(0)] WebCore is now online.
[1114/211824:INFO:(0)] Running Awesomium 1.7.5.1
[1114/212232:INFO:(0)] WebCore is now online.
[1114/212232:INFO:(0)] Running Awesomium 1.7.5.1
[1114/212330:INFO:(0)] WebCore is now online.
[1114/212330:INFO:(0)] Running Awesomium 1.7.5.1
[1114/213110:INFO:(0)] WebCore is now online.
[1114/213110:INFO:(0)] Running Awesomium 1.7.5.1
[1114/220442:INFO:(0)] WebCore is now online.
[1114/220442:INFO:(0)] Running Awesomium 1.7.5.1
[1114/221715:INFO:(0)] WebCore is now online.
[1114/221715:INFO:(0)] Running Awesomium 1.7.5.1
[1114/222153:INFO:(0)] WebCore is now online.
[1114/222153:INFO:(0)] Running Awesomium 1.7.5.1
[1114/222256:INFO:(0)] WebCore is now online.
[1114/222256:INFO:(0)] Running Awesomium 1.7.5.1
[1114/222405:INFO:(0)] WebCore is now online.
[1114/222405:INFO:(0)] Running Awesomium 1.7.5.1
[1114/224424:INFO:(0)] WebCore is now online.
[1114/224424:INFO:(0)] Running Awesomium 1.7.5.1
[1114/224556:INFO:(0)] WebCore is now online.
[1114/224556:INFO:(0)] Running Awesomium 1.7.5.1
[1114/224705:INFO:(0)] WebCore is now online.
[1114/224705:INFO:(0)] Running Awesomium 1.7.5.1
[1114/225424:INFO:(0)] WebCore is now online.
[1114/225424:INFO:(0)] Running Awesomium 1.7.5.1
[1114/225428:WARNING:Awesomium.NET(0)] System.TimeoutException: The operation has timed out. The child process or the I/O thread, are busy. Please try to create the object again.
   в Awesomium.Windows.Forms.WebControl.CreateGlobalJavascriptObject(String name)
   в Awesomium.Core.JavascriptHelper.Register()
[1114/225928:INFO:(0)] WebCore is now online.
[1114/225928:INFO:(0)] Running Awesomium 1.7.5.1
[1114/230556:INFO:(0)] WebCore is now online.
[1114/230556:INFO:(0)] Running Awesomium 1.7.5.1
[1114/230928:INFO:(0)] WebCore is now online.
[1114/230928:INFO:(0)] Running Awesomium 1.7.5.1
[1114/230956:INFO:(0)] WebCore is now online.
[1114/230956:INFO:(0)] Running Awesomium 1.7.5.1
[1114/231047:INFO:(0)] WebCore is now online.
[1114/231047:INFO:(0)] Running Awesomium 1.7.5.1
[1114/231927:INFO:(0)] WebCore is now online.
[1114/231927:INFO:(0)] Running Awesomium 1.7.5.1
[1114/231957:WARNING:Awesomium.NET(0)] System.ComponentModel.InvalidAsynchronousStateException: При вызове данного метода произошла ошибка.  Поток-получатель больше не существует.
   в System.Windows.Forms.WindowsFormsSynchronizationContext.Send(SendOrPostCallback d, Object state)
   в Awesomium.Core.WebCore.wvjjlbeQdqUVO5E6FXD(Object , Object , Object )
   в Awesomium.Core.WebCore.ioXQMTP1sf()
[1114/232003:INFO:(0)] WebCore is now online.
[1114/232003:INFO:(0)] Running Awesomium 1.7.5.1
[1114/232048:WARNING:Awesomium.NET(0)] System.ComponentModel.InvalidAsynchronousStateException: При вызове данного метода произошла ошибка.  Поток-получатель больше не существует.
   в System.Windows.Forms.WindowsFormsSynchronizationContext.Send(SendOrPostCallback d, Object state)
   в Awesomium.Core.WebCore.wvjjlbeQdqUVO5E6FXD(Object , Object , Object )
   в Awesomium.Core.WebCore.ioXQMTP1sf()
[1114/232357:INFO:(0)] WebCore is now online.
[1114/232357:INFO:(0)] Running Awesomium 1.7.5.1
[1114/232446:INFO:(0)] WebCore is now online.
[1114/232446:INFO:(0)] Running Awesomium 1.7.5.1
[1114/232914:INFO:(0)] WebCore is now online.
[1114/232914:INFO:(0)] Running Awesomium 1.7.5.1
[1114/234822:INFO:(0)] WebCore is now online.
[1114/234822:INFO:(0)] Running Awesomium 1.7.5.1
[1114/234908:INFO:(0)] WebCore is now online.
[1114/234908:INFO:(0)] Running Awesomium 1.7.5.1
[1114/235139:INFO:(0)] WebCore is now online.
[1114/235139:INFO:(0)] Running Awesomium 1.7.5.1
[1114/235244:INFO:(0)] WebCore is now online.
[1114/235244:INFO:(0)] Running Awesomium 1.7.5.1
[1114/235321:WARNING:Awesomium.NET(0)] System.ComponentModel.InvalidAsynchronousStateException: При вызове данного метода произошла ошибка.  Поток-получатель больше не существует.
   в System.Windows.Forms.WindowsFormsSynchronizationContext.Send(SendOrPostCallback d, Object state)
   в Awesomium.Core.WebCore.wvjjlbeQdqUVO5E6FXD(Object , Object , Object )
   в Awesomium.Core.WebCore.ioXQMTP1sf()
[1115/112545:INFO:(0)] WebCore is now online.
[1115/112545:INFO:(0)] Running Awesomium 1.7.5.1
[1115/112700:WARNING:Awesomium.NET(0)] System.ComponentModel.InvalidAsynchronousStateException: При вызове данного метода произошла ошибка.  Поток-получатель больше не существует.
   в System.Windows.Forms.WindowsFormsSynchronizationContext.Send(SendOrPostCallback d, Object state)
   в Awesomium.Core.WebCore.wvjjlbeQdqUVO5E6FXD(Object , Object , Object )
   в Awesomium.Core.WebCore.ioXQMTP1sf()
[1115/200333:INFO:(0)] WebCore is now online.
[1115/200333:INFO:(0)] Running Awesomium 1.7.5.1
[1115/201419:INFO:(0)] WebCore is now online.
[1115/201419:INFO:(0)] Running Awesomium 1.7.5.1
[1115/201508:WARNING:Awesomium.NET(0)] System.ComponentModel.InvalidAsynchronousStateException: При вызове данного метода произошла ошибка.  Поток-получатель больше не существует.
   в System.Windows.Forms.WindowsFormsSynchronizationContext.Send(SendOrPostCallback d, Object state)
   в Awesomium.Core.WebCore.wvjjlbeQdqUVO5E6FXD(Object , Object , Object )
   в Awesomium.Core.WebCore.ioXQMTP1sf()
[1115/201516:INFO:(0)] WebCore is now online.
[1115/201516:INFO:(0)] Running Awesomium 1.7.5.1
[1115/201611:WARNING:Awesomium.NET(0)] System.ComponentModel.InvalidAsynchronousStateException: При вызове данного метода произошла ошибка.  Поток-получатель больше не существует.
   в System.Windows.Forms.WindowsFormsSynchronizationContext.Send(SendOrPostCallback d, Object state)
   в Awesomium.Core.WebCore.wvjjlbeQdqUVO5E6FXD(Object , Object , Object )
   в Awesomium.Core.WebCore.ioXQMTP1sf()
[1115/203911:INFO:(0)] WebCore is now online.
[1115/203911:INFO:(0)] Running Awesomium 1.7.5.1
[1115/204820:INFO:(0)] WebCore is now online.
[1115/204820:INFO:(0)] Running Awesomium 1.7.5.1
[1115/204915:WARNING:Awesomium.NET(0)] System.ComponentModel.InvalidAsynchronousStateException: При вызове данного метода произошла ошибка.  Поток-получатель больше не существует.
   в System.Windows.Forms.WindowsFormsSynchronizationContext.Send(SendOrPostCallback d, Object state)
   в Awesomium.Core.WebCore.wvjjlbeQdqUVO5E6FXD(Object , Object , Object )
   в Awesomium.Core.WebCore.ioXQMTP1sf()
[1115/204922:INFO:(0)] WebCore is now online.
[1115/204922:INFO:(0)] Running Awesomium 1.7.5.1
[1115/204931:ERROR:ipc_channel_win.cc(360)] pipe error: 232
[1115/204933:INFO:(0)] WebCore is now online.
[1115/204933:INFO:(0)] Running Awesomium 1.7.5.1
[1115/205028:WARNING:Awesomium.NET(0)] System.ComponentModel.InvalidAsynchronousStateException: При вызове данного метода произошла ошибка.  Поток-получатель больше не существует.
   в System.Windows.Forms.WindowsFormsSynchronizationContext.Send(SendOrPostCallback d, Object state)
   в Awesomium.Core.WebCore.wvjjlbeQdqUVO5E6FXD(Object , Object , Object )
   в Awesomium.Core.WebCore.ioXQMTP1sf()
[1115/210131:INFO:(0)] WebCore is now online.
[1115/210131:INFO:(0)] Running Awesomium 1.7.5.1
[1115/210434:INFO:(0)] WebCore is now online.
[1115/210434:INFO:(0)] Running Awesomium 1.7.5.1
[1115/210506:INFO:(0)] WebCore is now online.
[1115/210506:INFO:(0)] Running Awesomium 1.7.5.1
[1115/210859:INFO:(0)] WebCore is now online.
[1115/210859:INFO:(0)] Running Awesomium 1.7.5.1
[1115/210933:INFO:(0)] WebCore is now online.
[1115/210933:INFO:(0)] Running Awesomium 1.7.5.1
[1115/214044:INFO:(0)] WebCore is now online.
[1115/214044:INFO:(0)] Running Awesomium 1.7.5.1
[1115/214824:INFO:(0)] WebCore is now online.
[1115/214824:INFO:(0)] Running Awesomium 1.7.5.1
[1115/214858:WARNING:Awesomium.NET(0)] System.ComponentModel.InvalidAsynchronousStateException: При вызове данного метода произошла ошибка.  Поток-получатель больше не существует.
   в System.Windows.Forms.WindowsFormsSynchronizationContext.Send(SendOrPostCallback d, Object state)
   в Awesomium.Core.WebCore.wvjjlbeQdqUVO5E6FXD(Object , Object , Object )
   в Awesomium.Core.WebCore.ioXQMTP1sf()
[1115/215027:INFO:(0)] WebCore is now online.
[1115/215027:INFO:(0)] Running Awesomium 1.7.5.1
[1115/215036:WARNING:Awesomium.NET(0)] System.ComponentModel.InvalidAsynchronousStateException: При вызове данного метода произошла ошибка.  Поток-получатель больше не существует.
   в System.Windows.Forms.WindowsFormsSynchronizationContext.Send(SendOrPostCallback d, Object state)
   в Awesomium.Core.WebCore.wvjjlbeQdqUVO5E6FXD(Object , Object , Object )
   в Awesomium.Core.WebCore.ioXQMTP1sf()
[1115/215129:INFO:(0)] WebCore is now online.
[1115/215129:INFO:(0)] Running Awesomium 1.7.5.1
[1115/215156:WARNING:Awesomium.NET(0)] System.ComponentModel.InvalidAsynchronousStateException: При вызове данного метода произошла ошибка.  Поток-получатель больше не существует.
   в System.Windows.Forms.WindowsFormsSynchronizationContext.Send(SendOrPostCallback d, Object state)
   в Awesomium.Core.WebCore.wvjjlbeQdqUVO5E6FXD(Object , Object , Object )
   в Awesomium.Core.WebCore.ioXQMTP1sf()
[1115/222820:INFO:(0)] WebCore is now online.
[1115/222820:INFO:(0)] Running Awesomium 1.7.5.1
[1115/223015:INFO:(0)] WebCore is now online.
[1115/223015:INFO:(0)] Running Awesomium 1.7.5.1
[1115/223025:ERROR:ipc_channel_win.cc(360)] pipe error: 232
[1115/223258:INFO:(0)] WebCore is now online.
[1115/223258:INFO:(0)] Running Awesomium 1.7.5.1
[1115/223406:INFO:(0)] WebCore is now online.
[1115/223406:INFO:(0)] Running Awesomium 1.7.5.1
[1115/223957:INFO:(0)] WebCore is now online.
[1115/223957:INFO:(0)] Running Awesomium 1.7.5.1
[1115/224038:ERROR:ipc_channel_win.cc(360)] pipe error: 232
[1115/224112:INFO:(0)] WebCore is now online.
[1115/224112:INFO:(0)] Running Awesomium 1.7.5.1
[1115/224124:INFO:(0)] WebCore is now online.
[1115/224124:INFO:(0)] Running Awesomium 1.7.5.1
[1115/224144:ERROR:ipc_channel_win.cc(360)] pipe error: 232
[1115/224154:INFO:(0)] WebCore is now online.
[1115/224154:INFO:(0)] Running Awesomium 1.7.5.1
[1115/225154:INFO:(0)] WebCore is now online.
[1115/225154:INFO:(0)] Running Awesomium 1.7.5.1
[1115/225208:INFO:(0)] WebCore is now online.
[1115/225208:INFO:(0)] Running Awesomium 1.7.5.1
[1115/225413:INFO:(0)] WebCore is now online.
[1115/225413:INFO:(0)] Running Awesomium 1.7.5.1
[1115/225431:ERROR:ipc_channel_win.cc(360)] pipe error: 232
[1115/225431:WARNING:Awesomium.NET(0)] System.ComponentModel.InvalidAsynchronousStateException: При вызове данного метода произошла ошибка.  Поток-получатель больше не существует.
   в System.Windows.Forms.WindowsFormsSynchronizationContext.Send(SendOrPostCallback d, Object state)
   в Awesomium.Core.WebCore.wvjjlbeQdqUVO5E6FXD(Object , Object , Object )
   в Awesomium.Core.WebCore.ioXQMTP1sf()
[1115/225440:INFO:(0)] WebCore is now online.
[1115/225440:INFO:(0)] Running Awesomium 1.7.5.1
[1115/225527:WARNING:Awesomium.NET(0)] System.ComponentModel.InvalidAsynchronousStateException: При вызове данного метода произошла ошибка.  Поток-получатель больше не существует.
   в System.Windows.Forms.WindowsFormsSynchronizationContext.Send(SendOrPostCallback d, Object state)
   в Awesomium.Core.WebCore.wvjjlbeQdqUVO5E6FXD(Object , Object , Object )
   в Awesomium.Core.WebCore.ioXQMTP1sf()
[1115/225605:INFO:(0)] WebCore is now online.
[1115/225605:INFO:(0)] Running Awesomium 1.7.5.1
[1115/225625:ERROR:ipc_channel_win.cc(360)] pipe error: 232
[1115/225630:INFO:(0)] WebCore is now online.
[1115/225630:INFO:(0)] Running Awesomium 1.7.5.1
[1115/225642:INFO:(0)] WebCore is now online.
[1115/225642:INFO:(0)] Running Awesomium 1.7.5.1
[1115/230003:INFO:(0)] WebCore is now online.
[1115/230003:INFO:(0)] Running Awesomium 1.7.5.1
[1115/230026:ERROR:ipc_channel_win.cc(360)] pipe error: 232
[1115/230029:INFO:(0)] WebCore is now online.
[1115/230029:INFO:(0)] Running Awesomium 1.7.5.1
[1115/230054:WARNING:Awesomium.NET(0)] System.ComponentModel.InvalidAsynchronousStateException: При вызове данного метода произошла ошибка.  Поток-получатель больше не существует.
   в System.Windows.Forms.WindowsFormsSynchronizationContext.Send(SendOrPostCallback d, Object state)
   в Awesomium.Core.WebCore.wvjjlbeQdqUVO5E6FXD(Object , Object , Object )
   в Awesomium.Core.WebCore.ioXQMTP1sf()
[1115/230104:INFO:(0)] WebCore is now online.
[1115/230104:INFO:(0)] Running Awesomium 1.7.5.1
[1115/230110:WARNING:Awesomium.NET(0)] System.ComponentModel.InvalidAsynchronousStateException: При вызове данного метода произошла ошибка.  Поток-получатель больше не существует.
   в System.Windows.Forms.WindowsFormsSynchronizationContext.Send(SendOrPostCallback d, Object state)
   в Awesomium.Core.WebCore.wvjjlbeQdqUVO5E6FXD(Object , Object , Object )
   в Awesomium.Core.WebCore.ioXQMTP1sf()
[1115/231917:INFO:(0)] WebCore is now online.
[1115/231917:INFO:(0)] Running Awesomium 1.7.5.1
[1115/231958:WARNING:Awesomium.NET(0)] System.ComponentModel.InvalidAsynchronousStateException: При вызове данного метода произошла ошибка.  Поток-получатель больше не существует.
   в System.Windows.Forms.WindowsFormsSynchronizationContext.Send(SendOrPostCallback d, Object state)
   в Awesomium.Core.WebCore.wvjjlbeQdqUVO5E6FXD(Object , Object , Object )
   в Awesomium.Core.WebCore.ioXQMTP1sf()
[1126/222710:INFO:(0)] WebCore is now online.
[1126/222710:INFO:(0)] Running Awesomium 1.7.5.1
[1126/232652:INFO:(0)] WebCore is now online.
[1126/232652:INFO:(0)] Running Awesomium 1.7.5.1
[1126/232718:INFO:(0)] WebCore is now online.
[1126/232718:INFO:(0)] Running Awesomium 1.7.5.1
[1127/155429:INFO:(0)] WebCore is now online.
[1127/155429:INFO:(0)] Running Awesomium 1.7.5.1
[1127/155431:WARNING:Awesomium.NET(0)] System.TimeoutException: The operation has timed out. The child process or the I/O thread, are busy. Please try to create the object again.
   в Awesomium.Windows.Forms.WebControl.CreateGlobalJavascriptObject(String name)
   в Awesomium.Core.JavascriptHelper.Register()
[1127/160619:INFO:(0)] WebCore is now online.
[1127/160619:INFO:(0)] Running Awesomium 1.7.5.1
[1127/160712:WARNING:Awesomium.NET(0)] System.ComponentModel.InvalidAsynchronousStateException: При вызове данного метода произошла ошибка.  Поток-получатель больше не существует.
   в System.Windows.Forms.WindowsFormsSynchronizationContext.Send(SendOrPostCallback d, Object state)
   в Awesomium.Core.WebCore.wvjjlbeQdqUVO5E6FXD(Object , Object , Object )
   в Awesomium.Core.WebCore.ioXQMTP1sf()
[1127/160748:INFO:(0)] WebCore is now online.
[1127/160748:INFO:(0)] Running Awesomium 1.7.5.1
[1127/160758:WARNING:Awesomium.NET(0)] System.ComponentModel.InvalidAsynchronousStateException: При вызове данного метода произошла ошибка.  Поток-получатель больше не существует.
   в System.Windows.Forms.WindowsFormsSynchronizationContext.Send(SendOrPostCallback d, Object state)
   в Awesomium.Core.WebCore.wvjjlbeQdqUVO5E6FXD(Object , Object , Object )
   в Awesomium.Core.WebCore.ioXQMTP1sf()
[1127/161647:INFO:(0)] WebCore is now online.
[1127/161647:INFO:(0)] Running Awesomium 1.7.5.1
[1127/161654:WARNING:Awesomium.NET(0)] System.ComponentModel.InvalidAsynchronousStateException: При вызове данного метода произошла ошибка.  Поток-получатель больше не существует.
   в System.Windows.Forms.WindowsFormsSynchronizationContext.Send(SendOrPostCallback d, Object state)
   в Awesomium.Core.WebCore.wvjjlbeQdqUVO5E6FXD(Object , Object , Object )
   в Awesomium.Core.WebCore.ioXQMTP1sf()
[1127/161932:INFO:(0)] WebCore is now online.
[1127/161932:INFO:(0)] Running Awesomium 1.7.5.1
[1127/161949:WARNING:Awesomium.NET(0)] System.ComponentModel.InvalidAsynchronousStateException: При вызове данного метода произошла ошибка.  Поток-получатель больше не существует.
   в System.Windows.Forms.WindowsFormsSynchronizationContext.Send(SendOrPostCallback d, Object state)
   в Awesomium.Core.WebCore.wvjjlbeQdqUVO5E6FXD(Object , Object , Object )
   в Awesomium.Core.WebCore.ioXQMTP1sf()
[1127/163042:INFO:(0)] WebCore is now online.
[1127/163042:INFO:(0)] Running Awesomium 1.7.5.1
[1127/163239:INFO:(0)] WebCore is now online.
[1127/163239:INFO:(0)] Running Awesomium 1.7.5.1
[1127/163458:INFO:(0)] WebCore is now online.
[1127/163458:INFO:(0)] Running Awesomium 1.7.5.1
[1127/163509:WARNING:Awesomium.NET(0)] System.ComponentModel.InvalidAsynchronousStateException: При вызове данного метода произошла ошибка.  Поток-получатель больше не существует.
   в System.Windows.Forms.WindowsFormsSynchronizationContext.Send(SendOrPostCallback d, Object state)
   в Awesomium.Core.WebCore.wvjjlbeQdqUVO5E6FXD(Object , Object , Object )
   в Awesomium.Core.WebCore.ioXQMTP1sf()
[1127/164453:INFO:(0)] WebCore is now online.
[1127/164453:INFO:(0)] Running Awesomium 1.7.5.1
[1127/164634:INFO:(0)] WebCore is now online.
[1127/164634:INFO:(0)] Running Awesomium 1.7.5.1
[1127/164652:WARNING:Awesomium.NET(0)] System.ComponentModel.InvalidAsynchronousStateException: При вызове данного метода произошла ошибка.  Поток-получатель больше не существует.
   в System.Windows.Forms.WindowsFormsSynchronizationContext.Send(SendOrPostCallback d, Object state)
   в Awesomium.Core.WebCore.wvjjlbeQdqUVO5E6FXD(Object , Object , Object )
   в Awesomium.Core.WebCore.ioXQMTP1sf()
[1127/165037:INFO:(0)] WebCore is now online.
[1127/165037:INFO:(0)] Running Awesomium 1.7.5.1
[1127/165043:WARNING:Awesomium.NET(0)] System.ComponentModel.InvalidAsynchronousStateException: При вызове данного метода произошла ошибка.  Поток-получатель больше не существует.
   в System.Windows.Forms.WindowsFormsSynchronizationContext.Send(SendOrPostCallback d, Object state)
   в Awesomium.Core.WebCore.wvjjlbeQdqUVO5E6FXD(Object , Object , Object )
   в Awesomium.Core.WebCore.ioXQMTP1sf()
[1127/165229:INFO:(0)] WebCore is now online.
[1127/165229:INFO:(0)] Running Awesomium 1.7.5.1
[1127/165247:WARNING:Awesomium.NET(0)] System.ComponentModel.InvalidAsynchronousStateException: При вызове данного метода произошла ошибка.  Поток-получатель больше не существует.
   в System.Windows.Forms.WindowsFormsSynchronizationContext.Send(SendOrPostCallback d, Object state)
   в Awesomium.Core.WebCore.wvjjlbeQdqUVO5E6FXD(Object , Object , Object )
   в Awesomium.Core.WebCore.ioXQMTP1sf()
[1127/171045:INFO:(0)] WebCore is now online.
[1127/171045:INFO:(0)] Running Awesomium 1.7.5.1
[1127/171055:INFO:(0)] WebCore is now online.
[1127/171055:INFO:(0)] Running Awesomium 1.7.5.1
[1127/171058:WARNING:Awesomium.NET(0)] System.TimeoutException: The operation has timed out. The child process or the I/O thread, are busy. Please try to create the object again.
   в Awesomium.Windows.Forms.WebControl.CreateGlobalJavascriptObject(String name)
   в Awesomium.Core.JavascriptHelper.Register()
[1127/171137:WARNING:Awesomium.NET(0)] System.ComponentModel.InvalidAsynchronousStateException: При вызове данного метода произошла ошибка.  Поток-получатель больше не существует.
   в System.Windows.Forms.WindowsFormsSynchronizationContext.Send(SendOrPostCallback d, Object state)
   в Awesomium.Core.WebCore.wvjjlbeQdqUVO5E6FXD(Object , Object , Object )
   в Awesomium.Core.WebCore.ioXQMTP1sf()
[1127/171150:INFO:(0)] WebCore is now online.
[1127/171150:INFO:(0)] Running Awesomium 1.7.5.1
[1127/171157:WARNING:Awesomium.NET(0)] System.ComponentModel.InvalidAsynchronousStateException: При вызове данного метода произошла ошибка.  Поток-получатель больше не существует.
   в System.Windows.Forms.WindowsFormsSynchronizationContext.Send(SendOrPostCallback d, Object state)
   в Awesomium.Core.WebCore.wvjjlbeQdqUVO5E6FXD(Object , Object , Object )
   в Awesomium.Core.WebCore.ioXQMTP1sf()
[1127/171205:INFO:(0)] WebCore is now online.
[1127/171205:INFO:(0)] Running Awesomium 1.7.5.1
[1127/171228:WARNING:Awesomium.NET(0)] System.ComponentModel.InvalidAsynchronousStateException: При вызове данного метода произошла ошибка.  Поток-получатель больше не существует.
   в System.Windows.Forms.WindowsFormsSynchronizationContext.Send(SendOrPostCallback d, Object state)
   в Awesomium.Core.WebCore.wvjjlbeQdqUVO5E6FXD(Object , Object , Object )
   в Awesomium.Core.WebCore.ioXQMTP1sf()
